
=================================================================
ADP (fresh): ThreeGeneration_LowHigh_Base
=================================================================
    Pre-computing features for 20816 states...
    Building ALP: 20816 states × 16 features...
    Solving LP: 40720 constraints × 16 vars (HiGHS)...
    Solved: obj=0.000000

    V*(root)     = -0.137231
    V_stop(root) = -0.217962
    L (ADP)      = -0.143809
    ratio2 (ADP) = 0.081481

=================================================================
ADP (fresh): ThreeGeneration_LowHigh_Aggressive
=================================================================
    Pre-computing features for 20816 states...
    Building ALP: 20816 states × 16 features...
    Solving LP: 40720 constraints × 16 vars (HiGHS)...
    Solved: obj=0.000000

    V*(root)     = -0.146382
    V_stop(root) = -0.320343
    L (ADP)      = -0.153177
    ratio2 (ADP) = 0.039063
    paper ratio2 = 0.051320  (diff = -0.012257)

=================================================================
ADP (fresh): ThreeGeneration_MediumEven_Base
=================================================================
    Pre-computing features for 20816 states...
    Building ALP: 20816 states × 16 features...
    Solving LP: 40720 constraints × 16 vars (HiGHS)...
    Solved: obj=0.000000

    V*(root)     = -0.133237
    V_stop(root) = -0.228981
    L (ADP)      = -0.141168
    ratio2 (ADP) = 0.082830

=================================================================
ADP (fresh): ThreeGeneration_MediumEven_Aggressive
=================================================================
    Pre-computing features for 20816 states...
    Building ALP: 20816 states × 16 features...
    Solving LP: 40720 constraints × 16 vars (HiGHS)...
    Solved: obj=0.000000

    V*(root)     = -0.142153
    V_stop(root) = -0.339509
    L (ADP)      = -0.150509
    ratio2 (ADP) = 0.042343

=================================================================
ADP (fresh): Extended_LowHigh_Base
=================================================================
    Pre-computing features for 107728 states...
    Building ALP: 107728 states × 16 features...
    Solving LP: 240856 constraints × 16 vars (HiGHS)...
    Solved: obj=0.000000

    V*(root)     = -0.166772
    V_stop(root) = -0.280237
    L (ADP)      = -0.179011
    ratio2 (ADP) = 0.107868
    paper ratio2 = 0.100690  (diff = +0.007178)

=================================================================
ADP (fresh): Extended_LowHigh_Aggressive
=================================================================
    Pre-computing features for 107728 states...
    Building ALP: 107728 states × 16 features...
    Solving LP: 240856 constraints × 16 vars (HiGHS)...
    Solved: obj=0.000000

    V*(root)     = -0.178814
    V_stop(root) = -0.411870
    L (ADP)      = -0.190876
    ratio2 (ADP) = 0.051756

=================================================================
ADP (fresh): Extended_MediumEven_Base
=================================================================
    Pre-computing features for 107728 states...
    Building ALP: 107728 states × 16 features...
    Solving LP: 240856 constraints × 16 vars (HiGHS)...
    Solved: obj=0.000000

    V*(root)     = -0.161961
    V_stop(root) = -0.294405
    L (ADP)      = -0.175211
    ratio2 (ADP) = 0.100044
    paper ratio2 = 0.158969  (diff = -0.058926)

=================================================================
ADP (fresh): Extended_MediumEven_Aggressive
=================================================================
    Pre-computing features for 107728 states...
    Building ALP: 107728 states × 16 features...
    Solving LP: 240856 constraints × 16 vars (HiGHS)...
    Solved: obj=0.000000

    V*(root)     = -0.173799
    V_stop(root) = -0.436511
    L (ADP)      = -0.188311
    ratio2 (ADP) = 0.055237

=================================================================
SUMMARY — ratio2_adp (lower = better, 0 = optimal)
=================================================================
  Family                                         Fresh     Paper    Delta
  ------------------------------------------------------------------------
  ThreeGeneration_LowHigh_Base                0.081481        --       --
  ThreeGeneration_LowHigh_Aggressive          0.039063  0.051320  -0.0123
  ThreeGeneration_MediumEven_Base             0.082830        --       --
  ThreeGeneration_MediumEven_Aggressive       0.042343        --       --
  Extended_LowHigh_Base                       0.107868  0.100690  +0.0072
  Extended_LowHigh_Aggressive                 0.051756        --       --
  Extended_MediumEven_Base                    0.100044  0.158969  -0.0589
  Extended_MediumEven_Aggressive              0.055237        --       --

Saved → /net/projects/ranalab/rajhansini/replication_16features/ground-up-experiments/step4_all_families/results/adp_all_families.json
